2026-03-26 17:23:22,038 [INFO] Anomalyze démarré (intervalle=1.5s)
2026-03-26 17:23:33,468 [INFO] Anomalyze démarré (intervalle=1.5s)
2026-03-26 17:24:24,823 [WARNING] [LIGHT] chrome.exe (pid=19004) score=20/100 -> rafale de processus (16 instances observées)
2026-03-26 17:24:24,823 [WARNING] [LIGHT] chrome.exe (pid=19412) score=20/100 -> rafale de processus (16 instances observées)
2026-03-26 17:24:24,825 [WARNING] [LIGHT] chrome.exe (pid=19948) score=20/100 -> rafale de processus (16 instances observées)
2026-03-26 17:24:24,825 [WARNING] [LIGHT] chrome.exe (pid=20216) score=20/100 -> rafale de processus (16 instances observées)
2026-03-26 17:24:24,825 [WARNING] [LIGHT] chrome.exe (pid=20224) score=20/100 -> rafale de processus (16 instances observées)
2026-03-26 17:24:24,829 [WARNING] [LIGHT] chrome.exe (pid=20656) score=20/100 -> rafale de processus (16 instances observées)
2026-03-26 17:24:24,829 [WARNING] [LIGHT] msedgewebview2.exe (pid=20900) score=20/100 -> rafale de processus (18 instances observées)
2026-03-26 17:24:24,829 [WARNING] [LIGHT] msedgewebview2.exe (pid=21068) score=20/100 -> rafale de processus (18 instances observées)
2026-03-26 17:24:24,829 [WARNING] [LIGHT] msedgewebview2.exe (pid=21084) score=20/100 -> rafale de processus (18 instances observées)
2026-03-26 17:24:24,830 [WARNING] [LIGHT] msedgewebview2.exe (pid=21152) score=20/100 -> rafale de processus (18 instances observées)
2026-03-26 17:24:24,830 [WARNING] [LIGHT] msedgewebview2.exe (pid=22192) score=20/100 -> rafale de processus (18 instances observées)
2026-03-26 17:24:24,830 [WARNING] [LIGHT] msedgewebview2.exe (pid=22444) score=20/100 -> rafale de processus (18 instances observées)
2026-03-26 17:24:24,830 [WARNING] [LIGHT] msedgewebview2.exe (pid=22532) score=20/100 -> rafale de processus (18 instances observées)
2026-03-26 17:24:24,830 [WARNING] [LIGHT] msedgewebview2.exe (pid=23172) score=20/100 -> rafale de processus (18 instances observées)
2026-03-26 17:24:24,831 [WARNING] [LIGHT] msedgewebview2.exe (pid=25184) score=20/100 -> rafale de processus (18 instances observées)
2026-03-26 17:24:24,831 [WARNING] [LIGHT] msedgewebview2.exe (pid=26052) score=20/100 -> rafale de processus (18 instances observées)
2026-03-26 17:24:24,831 [WARNING] [LIGHT] chrome.exe (pid=26080) score=20/100 -> rafale de processus (16 instances observées)
2026-03-26 17:24:24,831 [WARNING] [LIGHT] msedgewebview2.exe (pid=27036) score=20/100 -> rafale de processus (18 instances observées)
2026-03-26 17:24:24,831 [WARNING] [LIGHT] chrome.exe (pid=27372) score=20/100 -> rafale de processus (16 instances observées)
2026-03-26 17:24:24,832 [WARNING] [LIGHT] msedgewebview2.exe (pid=27588) score=20/100 -> rafale de processus (18 instances observées)
2026-03-26 17:24:48,953 [WARNING] [LIGHT] msedgewebview2.exe (pid=1848) score=20/100 -> rafale de processus (18 instances observées)
2026-03-26 17:24:48,953 [WARNING] [LIGHT] chrome.exe (pid=2036) score=20/100 -> rafale de processus (18 instances observées)
2026-03-26 17:24:48,953 [WARNING] [LIGHT] chrome.exe (pid=3424) score=20/100 -> rafale de processus (18 instances observées)
2026-03-26 17:24:48,954 [WARNING] [LIGHT] chrome.exe (pid=5872) score=20/100 -> rafale de processus (18 instances observées)
2026-03-26 17:24:48,954 [WARNING] [LIGHT] msedgewebview2.exe (pid=6856) score=20/100 -> rafale de processus (18 instances observées)
2026-03-26 17:24:48,954 [WARNING] [LIGHT] chrome.exe (pid=8424) score=20/100 -> rafale de processus (18 instances observées)
2026-03-26 17:24:48,954 [WARNING] [LIGHT] code.exe (pid=8664) score=25/100 -> CPU hors baseline (z=4.66, valeur=6.40)
2026-03-26 17:24:48,954 [WARNING] [LIGHT] msedgewebview2.exe (pid=11928) score=20/100 -> rafale de processus (18 instances observées)
2026-03-26 17:24:48,956 [WARNING] [LIGHT] msedgewebview2.exe (pid=12304) score=20/100 -> rafale de processus (18 instances observées)
2026-03-26 17:24:48,956 [WARNING] [LIGHT] chrome.exe (pid=14048) score=20/100 -> rafale de processus (18 instances observées)
2026-03-26 17:24:48,956 [WARNING] [LIGHT] chrome.exe (pid=14604) score=20/100 -> rafale de processus (18 instances observées)
2026-03-26 17:24:48,957 [WARNING] [LIGHT] chrome.exe (pid=16392) score=40/100 -> Fichiers hors baseline (z=3.38, valeur=239.00); rafale de processus (18 instances observées)
2026-03-26 17:24:48,957 [WARNING] [LIGHT] chrome.exe (pid=18536) score=20/100 -> rafale de processus (18 instances observées)
2026-03-26 17:24:48,957 [WARNING] [LIGHT] chrome.exe (pid=18552) score=20/100 -> rafale de processus (18 instances observées)
2026-03-26 17:24:48,957 [WARNING] [LIGHT] msedgewebview2.exe (pid=18564) score=40/100 -> RAM hors baseline (z=3.03, valeur=239.90); rafale de processus (18 instances observées)
2026-03-26 17:24:48,957 [WARNING] [LIGHT] chrome.exe (pid=18652) score=20/100 -> rafale de processus (18 instances observées)
2026-03-26 17:24:48,957 [WARNING] [LIGHT] chrome.exe (pid=19004) score=20/100 -> rafale de processus (18 instances observées)
2026-03-26 17:24:48,958 [WARNING] [LIGHT] chrome.exe (pid=19412) score=20/100 -> rafale de processus (18 instances observées)
2026-03-26 17:24:48,958 [WARNING] [LIGHT] chrome.exe (pid=19948) score=20/100 -> rafale de processus (18 instances observées)
2026-03-26 17:24:48,958 [WARNING] [LIGHT] chrome.exe (pid=20216) score=20/100 -> rafale de processus (18 instances observées)
2026-03-26 17:24:48,958 [WARNING] [LIGHT] chrome.exe (pid=20224) score=20/100 -> rafale de processus (18 instances observées)
2026-03-26 17:24:48,958 [WARNING] [LIGHT] chrome.exe (pid=20656) score=20/100 -> rafale de processus (18 instances observées)
2026-03-26 17:24:48,958 [WARNING] [LIGHT] msedgewebview2.exe (pid=20708) score=20/100 -> rafale de processus (18 instances observées)
2026-03-26 17:24:48,958 [WARNING] [LIGHT] msedgewebview2.exe (pid=20900) score=20/100 -> rafale de processus (18 instances observées)
2026-03-26 17:24:48,958 [WARNING] [LIGHT] msedgewebview2.exe (pid=21068) score=20/100 -> rafale de processus (18 instances observées)
2026-03-26 17:24:48,959 [WARNING] [LIGHT] msedgewebview2.exe (pid=21084) score=20/100 -> rafale de processus (18 instances observées)
2026-03-26 17:24:48,959 [WARNING] [LIGHT] msedgewebview2.exe (pid=21152) score=20/100 -> rafale de processus (18 instances observées)
2026-03-26 17:24:48,959 [WARNING] [LIGHT] msedgewebview2.exe (pid=22192) score=20/100 -> rafale de processus (18 instances observées)
2026-03-26 17:24:48,959 [WARNING] [LIGHT] msedgewebview2.exe (pid=22444) score=20/100 -> rafale de processus (18 instances observées)
2026-03-26 17:24:48,959 [WARNING] [LIGHT] msedgewebview2.exe (pid=22532) score=45/100 -> CPU hors baseline (z=6.86, valeur=0.10); rafale de processus (18 instances observées)
2026-03-26 17:24:48,959 [WARNING] [LIGHT] msedgewebview2.exe (pid=23172) score=20/100 -> rafale de processus (18 instances observées)
2026-03-26 17:24:48,959 [WARNING] [LIGHT] msedgewebview2.exe (pid=25184) score=20/100 -> rafale de processus (18 instances observées)
2026-03-26 17:24:48,960 [WARNING] [LIGHT] msedgewebview2.exe (pid=26052) score=20/100 -> rafale de processus (18 instances observées)
2026-03-26 17:24:48,960 [WARNING] [LIGHT] chrome.exe (pid=26080) score=20/100 -> rafale de processus (18 instances observées)
2026-03-26 17:24:48,960 [WARNING] [LIGHT] msedgewebview2.exe (pid=27036) score=20/100 -> rafale de processus (18 instances observées)
2026-03-26 17:24:48,960 [WARNING] [LIGHT] chrome.exe (pid=27372) score=20/100 -> rafale de processus (18 instances observées)
2026-03-26 17:24:48,960 [WARNING] [LIGHT] msedgewebview2.exe (pid=27588) score=20/100 -> rafale de processus (18 instances observées)
2026-03-26 17:24:50,464 [INFO] Anomalyze arrêté après 3 boucle(s)
2026-03-26 17:28:12,758 [INFO] Anomalyze démarré (intervalle=1.5s)
2026-03-26 17:28:41,446 [WARNING] [LIGHT] msedgewebview2.exe (pid=1848) score=20/100 -> rafale de processus (18 instances observées)
2026-03-26 17:28:41,447 [WARNING] [LIGHT] chrome.exe (pid=4364) score=20/100 -> rafale de processus (19 instances observées)
2026-03-26 17:28:41,448 [WARNING] [LIGHT] msedgewebview2.exe (pid=6856) score=20/100 -> rafale de processus (18 instances observées)
2026-03-26 17:28:41,448 [WARNING] [LIGHT] chrome.exe (pid=8424) score=20/100 -> rafale de processus (19 instances observées)
2026-03-26 17:28:41,449 [WARNING] [LIGHT] msedgewebview2.exe (pid=11928) score=20/100 -> rafale de processus (18 instances observées)
2026-03-26 17:28:41,449 [WARNING] [LIGHT] msedgewebview2.exe (pid=12304) score=20/100 -> rafale de processus (18 instances observées)
2026-03-26 17:28:41,449 [WARNING] [LIGHT] chrome.exe (pid=12808) score=20/100 -> rafale de processus (19 instances observées)
2026-03-26 17:28:41,450 [WARNING] [LIGHT] chrome.exe (pid=14048) score=20/100 -> rafale de processus (19 instances observées)
2026-03-26 17:28:41,451 [WARNING] [LIGHT] chrome.exe (pid=14604) score=20/100 -> rafale de processus (19 instances observées)
2026-03-26 17:28:41,451 [WARNING] [LIGHT] chrome.exe (pid=14824) score=20/100 -> rafale de processus (19 instances observées)
2026-03-26 17:28:41,452 [WARNING] [LIGHT] chrome.exe (pid=15936) score=20/100 -> rafale de processus (19 instances observées)
2026-03-26 17:28:41,452 [WARNING] [LIGHT] chrome.exe (pid=16392) score=40/100 -> Fichiers hors baseline (z=3.78, valeur=253.00); rafale de processus (19 instances observées)
2026-03-26 17:28:41,452 [WARNING] [LIGHT] notion.exe (pid=18176) score=20/100 -> Réseau hors baseline (z=3.60, valeur=4.00)
2026-03-26 17:28:41,453 [WARNING] [LIGHT] chrome.exe (pid=18536) score=20/100 -> rafale de processus (19 instances observées)
2026-03-26 17:28:41,453 [WARNING] [LIGHT] chrome.exe (pid=18552) score=40/100 -> Réseau hors baseline (z=4.12, valeur=26.00); rafale de processus (19 instances observées)
2026-03-26 17:28:41,453 [WARNING] [LIGHT] msedgewebview2.exe (pid=18564) score=40/100 -> RAM hors baseline (z=3.13, valeur=239.90); rafale de processus (18 instances observées)
2026-03-26 17:28:41,453 [WARNING] [LIGHT] chrome.exe (pid=18652) score=20/100 -> rafale de processus (19 instances observées)
2026-03-26 17:28:41,454 [WARNING] [LIGHT] chrome.exe (pid=19004) score=20/100 -> rafale de processus (19 instances observées)
2026-03-26 17:28:41,454 [WARNING] [LIGHT] chrome.exe (pid=19412) score=20/100 -> rafale de processus (19 instances observées)
2026-03-26 17:28:41,454 [WARNING] [LIGHT] chrome.exe (pid=19948) score=20/100 -> rafale de processus (19 instances observées)
2026-03-26 17:28:41,454 [WARNING] [LIGHT] chrome.exe (pid=20216) score=20/100 -> rafale de processus (19 instances observées)
2026-03-26 17:28:41,455 [WARNING] [LIGHT] chrome.exe (pid=20224) score=20/100 -> rafale de processus (19 instances observées)
2026-03-26 17:28:41,455 [WARNING] [LIGHT] msedgewebview2.exe (pid=20708) score=20/100 -> rafale de processus (18 instances observées)
2026-03-26 17:28:41,455 [WARNING] [LIGHT] msedgewebview2.exe (pid=20900) score=20/100 -> rafale de processus (18 instances observées)
2026-03-26 17:28:41,456 [WARNING] [LIGHT] msedgewebview2.exe (pid=21068) score=20/100 -> rafale de processus (18 instances observées)
2026-03-26 17:28:41,456 [WARNING] [LIGHT] msedgewebview2.exe (pid=21084) score=20/100 -> rafale de processus (18 instances observées)
2026-03-26 17:28:41,456 [WARNING] [LIGHT] msedgewebview2.exe (pid=21152) score=20/100 -> rafale de processus (18 instances observées)
2026-03-26 17:28:41,457 [WARNING] [LIGHT] msedgewebview2.exe (pid=22192) score=20/100 -> rafale de processus (18 instances observées)
2026-03-26 17:28:41,457 [WARNING] [LIGHT] msedgewebview2.exe (pid=22444) score=20/100 -> rafale de processus (18 instances observées)
2026-03-26 17:28:41,457 [WARNING] [LIGHT] msedgewebview2.exe (pid=22532) score=20/100 -> rafale de processus (18 instances observées)
2026-03-26 17:28:41,458 [WARNING] [LIGHT] msedgewebview2.exe (pid=23172) score=20/100 -> rafale de processus (18 instances observées)
2026-03-26 17:28:41,458 [WARNING] [LIGHT] msedgewebview2.exe (pid=25184) score=20/100 -> rafale de processus (18 instances observées)
2026-03-26 17:28:41,458 [WARNING] [LIGHT] chrome.exe (pid=25468) score=20/100 -> rafale de processus (19 instances observées)
2026-03-26 17:28:41,459 [WARNING] [LIGHT] chrome.exe (pid=25788) score=20/100 -> rafale de processus (19 instances observées)
2026-03-26 17:28:41,459 [WARNING] [LIGHT] msedgewebview2.exe (pid=26052) score=20/100 -> rafale de processus (18 instances observées)
2026-03-26 17:28:41,459 [WARNING] [LIGHT] msedgewebview2.exe (pid=27036) score=20/100 -> rafale de processus (18 instances observées)
2026-03-26 17:28:41,459 [WARNING] [LIGHT] chrome.exe (pid=27372) score=20/100 -> rafale de processus (19 instances observées)
2026-03-26 17:28:41,460 [WARNING] [LIGHT] msedgewebview2.exe (pid=27588) score=20/100 -> rafale de processus (18 instances observées)
2026-03-26 17:29:11,165 [WARNING] [LIGHT] msedgewebview2.exe (pid=1848) score=20/100 -> rafale de processus (18 instances observées)
2026-03-26 17:29:11,166 [WARNING] [LIGHT] chrome.exe (pid=4364) score=20/100 -> rafale de processus (16 instances observées)
2026-03-26 17:29:11,166 [WARNING] [LIGHT] msedgewebview2.exe (pid=6856) score=20/100 -> rafale de processus (18 instances observées)
2026-03-26 17:29:11,166 [WARNING] [LIGHT] chrome.exe (pid=8424) score=20/100 -> rafale de processus (16 instances observées)
2026-03-26 17:29:11,167 [WARNING] [LIGHT] msedgewebview2.exe (pid=11928) score=20/100 -> rafale de processus (18 instances observées)
2026-03-26 17:29:11,167 [WARNING] [LIGHT] svchost.exe (pid=12228) score=25/100 -> CPU hors baseline (z=4.77, valeur=0.40)
2026-03-26 17:29:11,167 [WARNING] [LIGHT] msedgewebview2.exe (pid=12304) score=20/100 -> rafale de processus (18 instances observées)
2026-03-26 17:29:11,167 [WARNING] [LIGHT] dllhost.exe (pid=13396) score=25/100 -> CPU hors baseline (z=3.81, valeur=0.10)
2026-03-26 17:29:11,169 [WARNING] [LIGHT] chrome.exe (pid=14048) score=20/100 -> rafale de processus (16 instances observées)
2026-03-26 17:29:11,169 [WARNING] [LIGHT] chrome.exe (pid=14604) score=20/100 -> rafale de processus (16 instances observées)
2026-03-26 17:29:11,169 [WARNING] [LIGHT] chrome.exe (pid=14824) score=20/100 -> rafale de processus (16 instances observées)
2026-03-26 17:29:11,169 [WARNING] [LIGHT] chrome.exe (pid=15936) score=45/100 -> CPU hors baseline (z=8.17, valeur=42.10); rafale de processus (16 instances observées)
2026-03-26 17:29:11,170 [WARNING] [LIGHT] chrome.exe (pid=16392) score=40/100 -> Fichiers hors baseline (z=3.82, valeur=251.00); rafale de processus (16 instances observées)
2026-03-26 17:29:11,170 [WARNING] [LIGHT] chrome.exe (pid=18536) score=20/100 -> rafale de processus (16 instances observées)
2026-03-26 17:29:11,170 [WARNING] [LIGHT] chrome.exe (pid=18552) score=40/100 -> Réseau hors baseline (z=4.25, valeur=27.00); rafale de processus (16 instances observées)
2026-03-26 17:29:11,171 [WARNING] [LIGHT] msedgewebview2.exe (pid=18564) score=40/100 -> RAM hors baseline (z=3.18, valeur=239.90); rafale de processus (18 instances observées)
2026-03-26 17:29:11,171 [WARNING] [LIGHT] chrome.exe (pid=18652) score=20/100 -> rafale de processus (16 instances observées)
2026-03-26 17:29:11,171 [WARNING] [LIGHT] chrome.exe (pid=19004) score=20/100 -> rafale de processus (16 instances observées)
2026-03-26 17:29:11,171 [WARNING] [LIGHT] chrome.exe (pid=19412) score=20/100 -> rafale de processus (16 instances observées)
2026-03-26 17:29:11,172 [WARNING] [LIGHT] chrome.exe (pid=19948) score=20/100 -> rafale de processus (16 instances observées)
2026-03-26 17:29:11,172 [WARNING] [LIGHT] chrome.exe (pid=20216) score=20/100 -> rafale de processus (16 instances observées)
2026-03-26 17:29:11,172 [WARNING] [LIGHT] chrome.exe (pid=20224) score=20/100 -> rafale de processus (16 instances observées)
2026-03-26 17:29:11,172 [WARNING] [LIGHT] msedgewebview2.exe (pid=20708) score=20/100 -> rafale de processus (18 instances observées)
2026-03-26 17:29:11,172 [WARNING] [LIGHT] msedgewebview2.exe (pid=20900) score=20/100 -> rafale de processus (18 instances observées)
2026-03-26 17:29:11,173 [WARNING] [LIGHT] msedgewebview2.exe (pid=21068) score=20/100 -> rafale de processus (18 instances observées)
2026-03-26 17:29:11,173 [WARNING] [LIGHT] msedgewebview2.exe (pid=21084) score=20/100 -> rafale de processus (18 instances observées)
2026-03-26 17:29:11,173 [WARNING] [LIGHT] msedgewebview2.exe (pid=21152) score=20/100 -> rafale de processus (18 instances observées)
2026-03-26 17:29:11,173 [WARNING] [LIGHT] msedgewebview2.exe (pid=22192) score=20/100 -> rafale de processus (18 instances observées)
2026-03-26 17:29:11,173 [WARNING] [LIGHT] msedgewebview2.exe (pid=22444) score=20/100 -> rafale de processus (18 instances observées)
2026-03-26 17:29:11,173 [WARNING] [LIGHT] msedgewebview2.exe (pid=22532) score=20/100 -> rafale de processus (18 instances observées)
2026-03-26 17:29:11,173 [WARNING] [LIGHT] notion.exe (pid=22976) score=25/100 -> CPU hors baseline (z=3.60, valeur=1.80)
2026-03-26 17:29:11,174 [WARNING] [LIGHT] msedgewebview2.exe (pid=23172) score=20/100 -> rafale de processus (18 instances observées)
2026-03-26 17:29:11,174 [WARNING] [LIGHT] msedgewebview2.exe (pid=25184) score=20/100 -> rafale de processus (18 instances observées)
2026-03-26 17:29:11,174 [WARNING] [LIGHT] msedgewebview2.exe (pid=26052) score=20/100 -> rafale de processus (18 instances observées)
2026-03-26 17:29:11,174 [WARNING] [LIGHT] msedgewebview2.exe (pid=27036) score=20/100 -> rafale de processus (18 instances observées)
2026-03-26 17:29:11,174 [WARNING] [LIGHT] code.exe (pid=27172) score=20/100 -> Réseau hors baseline (z=5.05, valeur=10.00)
2026-03-26 17:29:11,175 [WARNING] [LIGHT] chrome.exe (pid=27372) score=20/100 -> rafale de processus (16 instances observées)
2026-03-26 17:29:11,175 [WARNING] [LIGHT] msedgewebview2.exe (pid=27588) score=20/100 -> rafale de processus (18 instances observées)
2026-03-26 17:29:37,090 [WARNING] [LIGHT] msedgewebview2.exe (pid=1848) score=20/100 -> rafale de processus (18 instances observées)
2026-03-26 17:29:37,091 [WARNING] [LIGHT] chrome.exe (pid=4364) score=20/100 -> rafale de processus (17 instances observées)
2026-03-26 17:29:37,091 [WARNING] [LIGHT] msedgewebview2.exe (pid=6856) score=20/100 -> rafale de processus (18 instances observées)
2026-03-26 17:29:37,091 [WARNING] [LIGHT] chrome.exe (pid=8424) score=20/100 -> rafale de processus (17 instances observées)
2026-03-26 17:29:37,092 [WARNING] [LIGHT] msedgewebview2.exe (pid=11928) score=45/100 -> CPU hors baseline (z=6.71, valeur=0.10); rafale de processus (18 instances observées)
2026-03-26 17:29:37,092 [WARNING] [LIGHT] svchost.exe (pid=12228) score=25/100 -> CPU hors baseline (z=3.94, valeur=0.40)
2026-03-26 17:29:37,092 [WARNING] [LIGHT] msedgewebview2.exe (pid=12304) score=20/100 -> rafale de processus (18 instances observées)
2026-03-26 17:29:37,092 [WARNING] [LIGHT] steamwebhelper.exe (pid=13108) score=25/100 -> CPU hors baseline (z=3.42, valeur=0.10)
2026-03-26 17:29:37,092 [WARNING] [LIGHT] chrome.exe (pid=14048) score=20/100 -> rafale de processus (17 instances observées)
2026-03-26 17:29:37,093 [WARNING] [LIGHT] code.exe (pid=14544) score=25/100 -> CPU hors baseline (z=4.32, valeur=7.00)
2026-03-26 17:29:37,093 [WARNING] [LIGHT] chrome.exe (pid=14604) score=20/100 -> rafale de processus (17 instances observées)
2026-03-26 17:29:37,093 [WARNING] [LIGHT] chrome.exe (pid=14824) score=20/100 -> rafale de processus (17 instances observées)
2026-03-26 17:29:37,093 [WARNING] [LIGHT] chrome.exe (pid=15936) score=45/100 -> CPU hors baseline (z=6.90, valeur=48.50); rafale de processus (17 instances observées)
2026-03-26 17:29:37,093 [WARNING] [LIGHT] chrome.exe (pid=16392) score=40/100 -> Fichiers hors baseline (z=3.76, valeur=246.00); rafale de processus (17 instances observées)
2026-03-26 17:29:37,094 [WARNING] [LIGHT] chrome.exe (pid=18536) score=20/100 -> rafale de processus (17 instances observées)
2026-03-26 17:29:37,094 [WARNING] [LIGHT] chrome.exe (pid=18552) score=40/100 -> Réseau hors baseline (z=3.18, valeur=20.00); rafale de processus (17 instances observées)
2026-03-26 17:29:37,094 [WARNING] [LIGHT] msedgewebview2.exe (pid=18564) score=40/100 -> RAM hors baseline (z=3.22, valeur=239.91); rafale de processus (18 instances observées)
2026-03-26 17:29:37,094 [WARNING] [LIGHT] chrome.exe (pid=18652) score=20/100 -> rafale de processus (17 instances observées)
2026-03-26 17:29:37,094 [WARNING] [LIGHT] chrome.exe (pid=19004) score=20/100 -> rafale de processus (17 instances observées)
2026-03-26 17:29:37,095 [WARNING] [LIGHT] chrome.exe (pid=19412) score=20/100 -> rafale de processus (17 instances observées)
2026-03-26 17:29:37,095 [WARNING] [LIGHT] chrome.exe (pid=19948) score=20/100 -> rafale de processus (17 instances observées)
2026-03-26 17:29:37,095 [WARNING] [LIGHT] chrome.exe (pid=20216) score=20/100 -> rafale de processus (17 instances observées)
2026-03-26 17:29:37,095 [WARNING] [LIGHT] chrome.exe (pid=20224) score=20/100 -> rafale de processus (17 instances observées)
2026-03-26 17:29:37,097 [WARNING] [LIGHT] msedgewebview2.exe (pid=20708) score=20/100 -> rafale de processus (18 instances observées)
2026-03-26 17:29:37,097 [WARNING] [LIGHT] msedgewebview2.exe (pid=20900) score=20/100 -> rafale de processus (18 instances observées)
2026-03-26 17:29:37,097 [WARNING] [LIGHT] msedgewebview2.exe (pid=21068) score=20/100 -> rafale de processus (18 instances observées)
2026-03-26 17:29:37,097 [WARNING] [LIGHT] msedgewebview2.exe (pid=21084) score=45/100 -> CPU hors baseline (z=5.63, valeur=0.10); rafale de processus (18 instances observées)
2026-03-26 17:29:37,097 [WARNING] [LIGHT] msedgewebview2.exe (pid=21152) score=20/100 -> rafale de processus (18 instances observées)
2026-03-26 17:29:37,097 [WARNING] [LIGHT] msedgewebview2.exe (pid=22192) score=20/100 -> rafale de processus (18 instances observées)
2026-03-26 17:29:37,098 [WARNING] [LIGHT] msedgewebview2.exe (pid=22444) score=20/100 -> rafale de processus (18 instances observées)
2026-03-26 17:29:37,098 [WARNING] [LIGHT] msedgewebview2.exe (pid=22532) score=45/100 -> CPU hors baseline (z=4.95, valeur=0.10); rafale de processus (18 instances observées)
2026-03-26 17:29:37,098 [WARNING] [LIGHT] msedgewebview2.exe (pid=23172) score=20/100 -> rafale de processus (18 instances observées)
2026-03-26 17:29:37,099 [WARNING] [LIGHT] chrome.exe (pid=24340) score=20/100 -> rafale de processus (17 instances observées)
2026-03-26 17:29:37,099 [WARNING] [LIGHT] msedgewebview2.exe (pid=25184) score=20/100 -> rafale de processus (18 instances observées)
2026-03-26 17:29:37,099 [WARNING] [LIGHT] msedgewebview2.exe (pid=26052) score=20/100 -> rafale de processus (18 instances observées)
2026-03-26 17:29:37,099 [WARNING] [LIGHT] msedgewebview2.exe (pid=27036) score=20/100 -> rafale de processus (18 instances observées)
2026-03-26 17:29:37,099 [WARNING] [LIGHT] code.exe (pid=27172) score=20/100 -> Réseau hors baseline (z=3.63, valeur=8.00)
2026-03-26 17:29:37,100 [WARNING] [LIGHT] chrome.exe (pid=27372) score=20/100 -> rafale de processus (17 instances observées)
2026-03-26 17:29:37,100 [WARNING] [LIGHT] msedgewebview2.exe (pid=27588) score=20/100 -> rafale de processus (18 instances observées)
2026-03-26 17:29:38,604 [INFO] Anomalyze arrêté après 3 boucle(s)
